2020-05-15 09:19:22.1918|WARN|Microsoft.AspNetCore.HttpsPolicy.HttpsRedirectionMiddleware|Failed to determine the https port for redirect.
2020-05-15 09:20:11.8767|WARN|HavhavAz.Filters.LogFilters.LogAfterFilter|
Ip: ::1
UserId: 0
Action: Login
Message: 
2020-05-15 09:23:45.6357|WARN|Microsoft.AspNetCore.HttpsPolicy.HttpsRedirectionMiddleware|Failed to determine the https port for redirect.
2020-05-15 09:26:58.8312|WARN|Microsoft.AspNetCore.HttpsPolicy.HttpsRedirectionMiddleware|Failed to determine the https port for redirect.
2020-05-15 09:31:59.0446|WARN|Microsoft.AspNetCore.HttpsPolicy.HttpsRedirectionMiddleware|Failed to determine the https port for redirect.
2020-05-15 09:33:34.6013|WARN|Microsoft.AspNetCore.HttpsPolicy.HttpsRedirectionMiddleware|Failed to determine the https port for redirect.
2020-05-15 09:37:23.8643|WARN|Microsoft.AspNetCore.HttpsPolicy.HttpsRedirectionMiddleware|Failed to determine the https port for redirect.
2020-05-15 09:39:50.7389|WARN|Microsoft.AspNetCore.HttpsPolicy.HttpsRedirectionMiddleware|Failed to determine the https port for redirect.
2020-05-15 09:40:27.4036|ERROR|Microsoft.AspNetCore.Diagnostics.DeveloperExceptionPageMiddleware|An unhandled exception has occurred while executing the request.
2020-05-15 09:43:42.5199|WARN|Microsoft.AspNetCore.HttpsPolicy.HttpsRedirectionMiddleware|Failed to determine the https port for redirect.
2020-05-15 09:43:58.1109|ERROR|Microsoft.AspNetCore.Diagnostics.DeveloperExceptionPageMiddleware|An unhandled exception has occurred while executing the request.
2020-05-15 09:44:39.8605|ERROR|Microsoft.AspNetCore.Diagnostics.DeveloperExceptionPageMiddleware|An unhandled exception has occurred while executing the request.
2020-05-15 09:47:23.2354|WARN|Microsoft.AspNetCore.HttpsPolicy.HttpsRedirectionMiddleware|Failed to determine the https port for redirect.
2020-05-15 09:56:28.6867|WARN|Microsoft.AspNetCore.HttpsPolicy.HttpsRedirectionMiddleware|Failed to determine the https port for redirect.
2020-05-15 10:08:32.2462|WARN|Microsoft.AspNetCore.HttpsPolicy.HttpsRedirectionMiddleware|Failed to determine the https port for redirect.
2020-05-15 10:09:31.5755|WARN|Microsoft.AspNetCore.HttpsPolicy.HttpsRedirectionMiddleware|Failed to determine the https port for redirect.
2020-05-15 10:30:18.8643|WARN|Microsoft.AspNetCore.HttpsPolicy.HttpsRedirectionMiddleware|Failed to determine the https port for redirect.
2020-05-15 10:43:33.2086|WARN|Microsoft.AspNetCore.HttpsPolicy.HttpsRedirectionMiddleware|Failed to determine the https port for redirect.
2020-05-15 10:45:52.2073|WARN|Microsoft.AspNetCore.HttpsPolicy.HttpsRedirectionMiddleware|Failed to determine the https port for redirect.
2020-05-15 10:51:46.0920|WARN|Microsoft.AspNetCore.HttpsPolicy.HttpsRedirectionMiddleware|Failed to determine the https port for redirect.
2020-05-15 10:52:55.8032|WARN|Microsoft.AspNetCore.HttpsPolicy.HttpsRedirectionMiddleware|Failed to determine the https port for redirect.
2020-05-15 10:55:41.4677|WARN|HavhavAz.Filters.LogFilters.LogBeforeFilter|
Ip: ::1
UserId: 1
Action: Logout
Message: 
2020-05-15 10:57:03.3816|WARN|Microsoft.AspNetCore.HttpsPolicy.HttpsRedirectionMiddleware|Failed to determine the https port for redirect.
2020-05-15 11:02:58.3324|WARN|Microsoft.AspNetCore.HttpsPolicy.HttpsRedirectionMiddleware|Failed to determine the https port for redirect.
2020-05-15 11:05:16.8713|WARN|Microsoft.AspNetCore.HttpsPolicy.HttpsRedirectionMiddleware|Failed to determine the https port for redirect.
2020-05-15 11:05:18.0425|ERROR|Microsoft.AspNetCore.Diagnostics.ExceptionHandlerMiddleware|An unhandled exception has occurred while executing the request.
2020-05-15 11:05:18.0705|ERROR|HavhavAz.Controllers.HomeController|The path /css/compass/css3 threw an exception  System.ArgumentException: An item with the same key has already been added. Key: X-Frame-Options
   at System.Collections.Generic.Dictionary`2.TryInsert(TKey key, TValue value, InsertionBehavior behavior)
   at System.Collections.Generic.Dictionary`2.Add(TKey key, TValue value)
   at Microsoft.AspNetCore.HttpSys.Internal.HeaderCollection.Add(String key, StringValues value)
   at HavhavAz.Middlewares.HttpHeadersMiddleware.InvokeAsync(HttpContext context) in C:\Users\User\source\repos\havhav.az\HavhavAz\Middlewares\HttpHeadersMiddleware.cs:line 21
   at Microsoft.AspNetCore.Session.SessionMiddleware.Invoke(HttpContext context)
   at Microsoft.AspNetCore.Session.SessionMiddleware.Invoke(HttpContext context)
   at HavhavAz.Middlewares.LanguageSwitcherMiddleware.InvokeAsync(HttpContext context) in C:\Users\User\source\repos\havhav.az\HavhavAz\Middlewares\LanguageSwitcherMiddleware.cs:line 33
   at Microsoft.AspNetCore.Localization.RequestLocalizationMiddleware.Invoke(HttpContext context)
   at Microsoft.AspNetCore.Builder.StatusCodePagesExtensions.<>c__DisplayClass6_0.<<UseStatusCodePagesWithReExecute>b__0>d.MoveNext()
--- End of stack trace from previous location where exception was thrown ---
   at Microsoft.AspNetCore.Diagnostics.StatusCodePagesMiddleware.Invoke(HttpContext context)
   at Microsoft.AspNetCore.Diagnostics.ExceptionHandlerMiddleware.<Invoke>g__Awaited|6_0(ExceptionHandlerMiddleware middleware, HttpContext context, Task task)
2020-05-15 11:05:19.3165|ERROR|Microsoft.AspNetCore.Diagnostics.ExceptionHandlerMiddleware|An unhandled exception has occurred while executing the request.
2020-05-15 11:05:19.3184|ERROR|Microsoft.AspNetCore.Diagnostics.ExceptionHandlerMiddleware|An unhandled exception has occurred while executing the request.
2020-05-15 11:05:19.3396|ERROR|HavhavAz.Controllers.HomeController|The path /Account/icons/css/fontello.css threw an exception  System.ArgumentException: An item with the same key has already been added. Key: X-Frame-Options
   at System.Collections.Generic.Dictionary`2.TryInsert(TKey key, TValue value, InsertionBehavior behavior)
   at System.Collections.Generic.Dictionary`2.Add(TKey key, TValue value)
   at Microsoft.AspNetCore.HttpSys.Internal.HeaderCollection.Add(String key, StringValues value)
   at HavhavAz.Middlewares.HttpHeadersMiddleware.InvokeAsync(HttpContext context) in C:\Users\User\source\repos\havhav.az\HavhavAz\Middlewares\HttpHeadersMiddleware.cs:line 21
   at Microsoft.AspNetCore.Session.SessionMiddleware.Invoke(HttpContext context)
   at Microsoft.AspNetCore.Session.SessionMiddleware.Invoke(HttpContext context)
   at HavhavAz.Middlewares.LanguageSwitcherMiddleware.InvokeAsync(HttpContext context) in C:\Users\User\source\repos\havhav.az\HavhavAz\Middlewares\LanguageSwitcherMiddleware.cs:line 33
   at Microsoft.AspNetCore.Localization.RequestLocalizationMiddleware.Invoke(HttpContext context)
   at Microsoft.AspNetCore.Builder.StatusCodePagesExtensions.<>c__DisplayClass6_0.<<UseStatusCodePagesWithReExecute>b__0>d.MoveNext()
--- End of stack trace from previous location where exception was thrown ---
   at Microsoft.AspNetCore.Diagnostics.StatusCodePagesMiddleware.Invoke(HttpContext context)
   at Microsoft.AspNetCore.Diagnostics.ExceptionHandlerMiddleware.<Invoke>g__Awaited|6_0(ExceptionHandlerMiddleware middleware, HttpContext context, Task task)
2020-05-15 11:05:19.3396|ERROR|HavhavAz.Controllers.HomeController|The path /Account/froogaloop2.min.js threw an exception  System.ArgumentException: An item with the same key has already been added. Key: X-Frame-Options
   at System.Collections.Generic.Dictionary`2.TryInsert(TKey key, TValue value, InsertionBehavior behavior)
   at System.Collections.Generic.Dictionary`2.Add(TKey key, TValue value)
   at Microsoft.AspNetCore.HttpSys.Internal.HeaderCollection.Add(String key, StringValues value)
   at HavhavAz.Middlewares.HttpHeadersMiddleware.InvokeAsync(HttpContext context) in C:\Users\User\source\repos\havhav.az\HavhavAz\Middlewares\HttpHeadersMiddleware.cs:line 21
   at Microsoft.AspNetCore.Session.SessionMiddleware.Invoke(HttpContext context)
   at Microsoft.AspNetCore.Session.SessionMiddleware.Invoke(HttpContext context)
   at HavhavAz.Middlewares.LanguageSwitcherMiddleware.InvokeAsync(HttpContext context) in C:\Users\User\source\repos\havhav.az\HavhavAz\Middlewares\LanguageSwitcherMiddleware.cs:line 33
   at Microsoft.AspNetCore.Localization.RequestLocalizationMiddleware.Invoke(HttpContext context)
   at Microsoft.AspNetCore.Builder.StatusCodePagesExtensions.<>c__DisplayClass6_0.<<UseStatusCodePagesWithReExecute>b__0>d.MoveNext()
--- End of stack trace from previous location where exception was thrown ---
   at Microsoft.AspNetCore.Diagnostics.StatusCodePagesMiddleware.Invoke(HttpContext context)
   at Microsoft.AspNetCore.Diagnostics.ExceptionHandlerMiddleware.<Invoke>g__Awaited|6_0(ExceptionHandlerMiddleware middleware, HttpContext context, Task task)
2020-05-15 11:05:28.8009|ERROR|Microsoft.AspNetCore.Diagnostics.ExceptionHandlerMiddleware|An unhandled exception has occurred while executing the request.
2020-05-15 11:05:28.8088|ERROR|HavhavAz.Controllers.HomeController|The path /Account/ResetPassword threw an exception  System.ArgumentException: An item with the same key has already been added. Key: X-Frame-Options
   at System.Collections.Generic.Dictionary`2.TryInsert(TKey key, TValue value, InsertionBehavior behavior)
   at System.Collections.Generic.Dictionary`2.Add(TKey key, TValue value)
   at Microsoft.AspNetCore.HttpSys.Internal.HeaderCollection.Add(String key, StringValues value)
   at HavhavAz.Middlewares.HttpHeadersMiddleware.InvokeAsync(HttpContext context) in C:\Users\User\source\repos\havhav.az\HavhavAz\Middlewares\HttpHeadersMiddleware.cs:line 21
   at Microsoft.AspNetCore.Session.SessionMiddleware.Invoke(HttpContext context)
   at Microsoft.AspNetCore.Session.SessionMiddleware.Invoke(HttpContext context)
   at HavhavAz.Middlewares.LanguageSwitcherMiddleware.InvokeAsync(HttpContext context) in C:\Users\User\source\repos\havhav.az\HavhavAz\Middlewares\LanguageSwitcherMiddleware.cs:line 33
   at Microsoft.AspNetCore.Localization.RequestLocalizationMiddleware.Invoke(HttpContext context)
   at Microsoft.AspNetCore.Builder.StatusCodePagesExtensions.<>c__DisplayClass6_0.<<UseStatusCodePagesWithReExecute>b__0>d.MoveNext()
--- End of stack trace from previous location where exception was thrown ---
   at Microsoft.AspNetCore.Diagnostics.StatusCodePagesMiddleware.Invoke(HttpContext context)
   at Microsoft.AspNetCore.Diagnostics.ExceptionHandlerMiddleware.<Invoke>g__Awaited|6_0(ExceptionHandlerMiddleware middleware, HttpContext context, Task task)
2020-05-15 11:05:29.1813|ERROR|Microsoft.AspNetCore.Diagnostics.ExceptionHandlerMiddleware|An unhandled exception has occurred while executing the request.
2020-05-15 11:05:29.1813|ERROR|HavhavAz.Controllers.HomeController|The path /css/compass/css3 threw an exception  System.ArgumentException: An item with the same key has already been added. Key: X-Frame-Options
   at System.Collections.Generic.Dictionary`2.TryInsert(TKey key, TValue value, InsertionBehavior behavior)
   at System.Collections.Generic.Dictionary`2.Add(TKey key, TValue value)
   at Microsoft.AspNetCore.HttpSys.Internal.HeaderCollection.Add(String key, StringValues value)
   at HavhavAz.Middlewares.HttpHeadersMiddleware.InvokeAsync(HttpContext context) in C:\Users\User\source\repos\havhav.az\HavhavAz\Middlewares\HttpHeadersMiddleware.cs:line 21
   at Microsoft.AspNetCore.Session.SessionMiddleware.Invoke(HttpContext context)
   at Microsoft.AspNetCore.Session.SessionMiddleware.Invoke(HttpContext context)
   at HavhavAz.Middlewares.LanguageSwitcherMiddleware.InvokeAsync(HttpContext context) in C:\Users\User\source\repos\havhav.az\HavhavAz\Middlewares\LanguageSwitcherMiddleware.cs:line 33
   at Microsoft.AspNetCore.Localization.RequestLocalizationMiddleware.Invoke(HttpContext context)
   at Microsoft.AspNetCore.Builder.StatusCodePagesExtensions.<>c__DisplayClass6_0.<<UseStatusCodePagesWithReExecute>b__0>d.MoveNext()
--- End of stack trace from previous location where exception was thrown ---
   at Microsoft.AspNetCore.Diagnostics.StatusCodePagesMiddleware.Invoke(HttpContext context)
   at Microsoft.AspNetCore.Diagnostics.ExceptionHandlerMiddleware.<Invoke>g__Awaited|6_0(ExceptionHandlerMiddleware middleware, HttpContext context, Task task)
2020-05-15 11:05:29.6118|ERROR|Microsoft.AspNetCore.Diagnostics.ExceptionHandlerMiddleware|An unhandled exception has occurred while executing the request.
2020-05-15 11:05:29.6118|ERROR|Microsoft.AspNetCore.Diagnostics.ExceptionHandlerMiddleware|An unhandled exception has occurred while executing the request.
2020-05-15 11:05:29.6268|ERROR|HavhavAz.Controllers.HomeController|The path /Account/froogaloop2.min.js threw an exception  System.ArgumentException: An item with the same key has already been added. Key: X-Frame-Options
   at System.Collections.Generic.Dictionary`2.TryInsert(TKey key, TValue value, InsertionBehavior behavior)
   at System.Collections.Generic.Dictionary`2.Add(TKey key, TValue value)
   at Microsoft.AspNetCore.HttpSys.Internal.HeaderCollection.Add(String key, StringValues value)
   at HavhavAz.Middlewares.HttpHeadersMiddleware.InvokeAsync(HttpContext context) in C:\Users\User\source\repos\havhav.az\HavhavAz\Middlewares\HttpHeadersMiddleware.cs:line 21
   at Microsoft.AspNetCore.Session.SessionMiddleware.Invoke(HttpContext context)
   at Microsoft.AspNetCore.Session.SessionMiddleware.Invoke(HttpContext context)
   at HavhavAz.Middlewares.LanguageSwitcherMiddleware.InvokeAsync(HttpContext context) in C:\Users\User\source\repos\havhav.az\HavhavAz\Middlewares\LanguageSwitcherMiddleware.cs:line 33
   at Microsoft.AspNetCore.Localization.RequestLocalizationMiddleware.Invoke(HttpContext context)
   at Microsoft.AspNetCore.Builder.StatusCodePagesExtensions.<>c__DisplayClass6_0.<<UseStatusCodePagesWithReExecute>b__0>d.MoveNext()
--- End of stack trace from previous location where exception was thrown ---
   at Microsoft.AspNetCore.Diagnostics.StatusCodePagesMiddleware.Invoke(HttpContext context)
   at Microsoft.AspNetCore.Diagnostics.ExceptionHandlerMiddleware.<Invoke>g__Awaited|6_0(ExceptionHandlerMiddleware middleware, HttpContext context, Task task)
2020-05-15 11:05:29.6340|ERROR|HavhavAz.Controllers.HomeController|The path /Account/icons/css/fontello.css threw an exception  System.ArgumentException: An item with the same key has already been added. Key: X-Frame-Options
   at System.Collections.Generic.Dictionary`2.TryInsert(TKey key, TValue value, InsertionBehavior behavior)
   at System.Collections.Generic.Dictionary`2.Add(TKey key, TValue value)
   at Microsoft.AspNetCore.HttpSys.Internal.HeaderCollection.Add(String key, StringValues value)
   at HavhavAz.Middlewares.HttpHeadersMiddleware.InvokeAsync(HttpContext context) in C:\Users\User\source\repos\havhav.az\HavhavAz\Middlewares\HttpHeadersMiddleware.cs:line 21
   at Microsoft.AspNetCore.Session.SessionMiddleware.Invoke(HttpContext context)
   at Microsoft.AspNetCore.Session.SessionMiddleware.Invoke(HttpContext context)
   at HavhavAz.Middlewares.LanguageSwitcherMiddleware.InvokeAsync(HttpContext context) in C:\Users\User\source\repos\havhav.az\HavhavAz\Middlewares\LanguageSwitcherMiddleware.cs:line 33
   at Microsoft.AspNetCore.Localization.RequestLocalizationMiddleware.Invoke(HttpContext context)
   at Microsoft.AspNetCore.Builder.StatusCodePagesExtensions.<>c__DisplayClass6_0.<<UseStatusCodePagesWithReExecute>b__0>d.MoveNext()
--- End of stack trace from previous location where exception was thrown ---
   at Microsoft.AspNetCore.Diagnostics.StatusCodePagesMiddleware.Invoke(HttpContext context)
   at Microsoft.AspNetCore.Diagnostics.ExceptionHandlerMiddleware.<Invoke>g__Awaited|6_0(ExceptionHandlerMiddleware middleware, HttpContext context, Task task)
2020-05-15 11:05:36.6875|ERROR|Microsoft.AspNetCore.Diagnostics.ExceptionHandlerMiddleware|An unhandled exception has occurred while executing the request.
2020-05-15 11:08:29.9794|WARN|Microsoft.AspNetCore.HttpsPolicy.HttpsRedirectionMiddleware|Failed to determine the https port for redirect.
2020-05-15 11:18:57.1942|WARN|Microsoft.AspNetCore.HttpsPolicy.HttpsRedirectionMiddleware|Failed to determine the https port for redirect.
2020-05-15 11:24:07.5285|WARN|Microsoft.AspNetCore.HttpsPolicy.HttpsRedirectionMiddleware|Failed to determine the https port for redirect.
2020-05-15 11:26:14.1002|ERROR|Microsoft.AspNetCore.Diagnostics.ExceptionHandlerMiddleware|An unhandled exception has occurred while executing the request.
2020-05-15 11:26:18.6936|ERROR|HavhavAz.Controllers.HomeController|The path /Account/ForgetPassword threw an exception  HavhavAz.Helpers.Exceptions.InvalidResultException: User is not found!
   at HavhavAz.Controllers.AccountController.ForgetPassword(String Username) in C:\Users\User\source\repos\havhav.az\HavhavAz\Controllers\AccountController.cs:line 384
   at lambda_method(Closure , Object )
   at Microsoft.Extensions.Internal.ObjectMethodExecutorAwaitable.Awaiter.GetResult()
   at Microsoft.AspNetCore.Mvc.Infrastructure.ActionMethodExecutor.TaskOfActionResultExecutor.Execute(IActionResultTypeMapper mapper, ObjectMethodExecutor executor, Object controller, Object[] arguments)
   at Microsoft.AspNetCore.Mvc.Infrastructure.ControllerActionInvoker.<InvokeActionMethodAsync>g__Awaited|12_0(ControllerActionInvoker invoker, ValueTask`1 actionResultValueTask)
   at Microsoft.AspNetCore.Mvc.Infrastructure.ControllerActionInvoker.<InvokeNextActionFilterAsync>g__Awaited|10_0(ControllerActionInvoker invoker, Task lastTask, State next, Scope scope, Object state, Boolean isCompleted)
   at Microsoft.AspNetCore.Mvc.Infrastructure.ControllerActionInvoker.Rethrow(ActionExecutedContextSealed context)
   at Microsoft.AspNetCore.Mvc.Infrastructure.ControllerActionInvoker.Next(State& next, Scope& scope, Object& state, Boolean& isCompleted)
   at Microsoft.AspNetCore.Mvc.Infrastructure.ControllerActionInvoker.<InvokeInnerFilterAsync>g__Awaited|13_0(ControllerActionInvoker invoker, Task lastTask, State next, Scope scope, Object state, Boolean isCompleted)
   at Microsoft.AspNetCore.Mvc.Infrastructure.ResourceInvoker.<InvokeNextResourceFilter>g__Awaited|24_0(ResourceInvoker invoker, Task lastTask, State next, Scope scope, Object state, Boolean isCompleted)
   at Microsoft.AspNetCore.Mvc.Infrastructure.ResourceInvoker.Rethrow(ResourceExecutedContextSealed context)
   at Microsoft.AspNetCore.Mvc.Infrastructure.ResourceInvoker.Next(State& next, Scope& scope, Object& state, Boolean& isCompleted)
   at Microsoft.AspNetCore.Mvc.Infrastructure.ResourceInvoker.<InvokeFilterPipelineAsync>g__Awaited|19_0(ResourceInvoker invoker, Task lastTask, State next, Scope scope, Object state, Boolean isCompleted)
   at Microsoft.AspNetCore.Mvc.Infrastructure.ResourceInvoker.<InvokeAsync>g__Awaited|17_0(ResourceInvoker invoker, Task task, IDisposable scope)
   at Microsoft.AspNetCore.Routing.EndpointMiddleware.<Invoke>g__AwaitRequestTask|6_0(Endpoint endpoint, Task requestTask, ILogger logger)
   at Microsoft.AspNetCore.Authorization.AuthorizationMiddleware.Invoke(HttpContext context)
   at Microsoft.AspNetCore.Authentication.AuthenticationMiddleware.Invoke(HttpContext context)
   at HavhavAz.Middlewares.HttpHeadersMiddleware.InvokeAsync(HttpContext context) in C:\Users\User\source\repos\havhav.az\HavhavAz\Middlewares\HttpHeadersMiddleware.cs:line 30
   at Microsoft.AspNetCore.Session.SessionMiddleware.Invoke(HttpContext context)
   at Microsoft.AspNetCore.Session.SessionMiddleware.Invoke(HttpContext context)
   at HavhavAz.Middlewares.LanguageSwitcherMiddleware.InvokeAsync(HttpContext context) in C:\Users\User\source\repos\havhav.az\HavhavAz\Middlewares\LanguageSwitcherMiddleware.cs:line 33
   at Microsoft.AspNetCore.Localization.RequestLocalizationMiddleware.Invoke(HttpContext context)
   at Microsoft.AspNetCore.Diagnostics.StatusCodePagesMiddleware.Invoke(HttpContext context)
   at Microsoft.AspNetCore.Diagnostics.ExceptionHandlerMiddleware.<Invoke>g__Awaited|6_0(ExceptionHandlerMiddleware middleware, HttpContext context, Task task)
2020-05-15 11:34:50.8981|WARN|Microsoft.AspNetCore.HttpsPolicy.HttpsRedirectionMiddleware|Failed to determine the https port for redirect.
2020-05-15 11:40:46.0059|WARN|Microsoft.AspNetCore.HttpsPolicy.HttpsRedirectionMiddleware|Failed to determine the https port for redirect.
2020-05-15 11:44:25.3642|WARN|Microsoft.AspNetCore.HttpsPolicy.HttpsRedirectionMiddleware|Failed to determine the https port for redirect.
2020-05-15 12:19:43.0691|WARN|Microsoft.AspNetCore.HttpsPolicy.HttpsRedirectionMiddleware|Failed to determine the https port for redirect.
2020-05-15 12:36:19.0350|WARN|Microsoft.AspNetCore.HttpsPolicy.HttpsRedirectionMiddleware|Failed to determine the https port for redirect.
2020-05-15 12:38:00.5502|WARN|HavhavAz.Filters.LogFilters.LogAfterFilter|
Ip: ::1
UserId: 0
Action: ResetPassword
Message: 
2020-05-15 12:41:55.5088|WARN|Microsoft.AspNetCore.HttpsPolicy.HttpsRedirectionMiddleware|Failed to determine the https port for redirect.
2020-05-15 12:44:30.3585|WARN|HavhavAz.Filters.LogFilters.LogAfterFilter|
Ip: ::1
UserId: 0
Action: ResetPassword
Message: 
2020-05-15 12:44:46.1246|WARN|HavhavAz.Filters.LogFilters.LogAfterFilter|
Ip: ::1
UserId: 0
Action: Login
Message: 
2020-05-15 12:50:43.7487|WARN|Microsoft.AspNetCore.HttpsPolicy.HttpsRedirectionMiddleware|Failed to determine the https port for redirect.
2020-05-15 14:10:41.7943|WARN|Microsoft.AspNetCore.HttpsPolicy.HttpsRedirectionMiddleware|Failed to determine the https port for redirect.
2020-05-15 14:23:53.6687|WARN|HavhavAz.Filters.LogFilters.LogAfterFilter|
Ip: ::1
UserId: 0
Action: ResetPassword
Message: 
2020-05-15 14:24:08.5364|WARN|HavhavAz.Filters.LogFilters.LogAfterFilter|
Ip: ::1
UserId: 0
Action: Login
Message: 
2020-05-15 14:24:12.6662|WARN|HavhavAz.Filters.LogFilters.LogAfterFilter|
Ip: ::1
UserId: 0
Action: Login
Message: 
2020-05-15 14:26:08.2821|WARN|HavhavAz.Filters.LogFilters.LogAfterFilter|
Ip: ::1
UserId: 0
Action: ResetPassword
Message: 
2020-05-15 14:26:08.8655|ERROR|Microsoft.AspNetCore.Diagnostics.ExceptionHandlerMiddleware|An unhandled exception has occurred while executing the request.
2020-05-15 14:26:10.0310|ERROR|HavhavAz.Controllers.HomeController|The path /Account/ResetPassword/ threw an exception  HavhavAz.Helpers.Exceptions.InvalidResultException: Yeni şifrə köhnədən fərqlənmir!
   at HavhavAz.Controllers.AccountController.ResetPassword(ResetPasswordViewModel rpvm) in C:\Users\User\source\repos\havhav.az\HavhavAz\Controllers\AccountController.cs:line 468
   at lambda_method(Closure , Object )
   at Microsoft.Extensions.Internal.ObjectMethodExecutorAwaitable.Awaiter.GetResult()
   at Microsoft.AspNetCore.Mvc.Infrastructure.ActionMethodExecutor.TaskOfActionResultExecutor.Execute(IActionResultTypeMapper mapper, ObjectMethodExecutor executor, Object controller, Object[] arguments)
   at Microsoft.AspNetCore.Mvc.Infrastructure.ControllerActionInvoker.<InvokeActionMethodAsync>g__Awaited|12_0(ControllerActionInvoker invoker, ValueTask`1 actionResultValueTask)
   at Microsoft.AspNetCore.Mvc.Infrastructure.ControllerActionInvoker.<InvokeNextActionFilterAsync>g__Awaited|10_0(ControllerActionInvoker invoker, Task lastTask, State next, Scope scope, Object state, Boolean isCompleted)
   at Microsoft.AspNetCore.Mvc.Infrastructure.ControllerActionInvoker.Rethrow(ActionExecutedContextSealed context)
   at Microsoft.AspNetCore.Mvc.Infrastructure.ControllerActionInvoker.Next(State& next, Scope& scope, Object& state, Boolean& isCompleted)
   at Microsoft.AspNetCore.Mvc.Infrastructure.ControllerActionInvoker.<InvokeInnerFilterAsync>g__Awaited|13_0(ControllerActionInvoker invoker, Task lastTask, State next, Scope scope, Object state, Boolean isCompleted)
   at Microsoft.AspNetCore.Mvc.Infrastructure.ResourceInvoker.<InvokeNextResourceFilter>g__Awaited|24_0(ResourceInvoker invoker, Task lastTask, State next, Scope scope, Object state, Boolean isCompleted)
   at Microsoft.AspNetCore.Mvc.Infrastructure.ResourceInvoker.Rethrow(ResourceExecutedContextSealed context)
   at Microsoft.AspNetCore.Mvc.Infrastructure.ResourceInvoker.Next(State& next, Scope& scope, Object& state, Boolean& isCompleted)
   at Microsoft.AspNetCore.Mvc.Infrastructure.ResourceInvoker.<InvokeFilterPipelineAsync>g__Awaited|19_0(ResourceInvoker invoker, Task lastTask, State next, Scope scope, Object state, Boolean isCompleted)
   at Microsoft.AspNetCore.Mvc.Infrastructure.ResourceInvoker.<InvokeAsync>g__Awaited|17_0(ResourceInvoker invoker, Task task, IDisposable scope)
   at Microsoft.AspNetCore.Routing.EndpointMiddleware.<Invoke>g__AwaitRequestTask|6_0(Endpoint endpoint, Task requestTask, ILogger logger)
   at Microsoft.AspNetCore.Authorization.AuthorizationMiddleware.Invoke(HttpContext context)
   at Microsoft.AspNetCore.Authentication.AuthenticationMiddleware.Invoke(HttpContext context)
   at HavhavAz.Middlewares.HttpHeadersMiddleware.InvokeAsync(HttpContext context) in C:\Users\User\source\repos\havhav.az\HavhavAz\Middlewares\HttpHeadersMiddleware.cs:line 30
   at Microsoft.AspNetCore.Session.SessionMiddleware.Invoke(HttpContext context)
   at Microsoft.AspNetCore.Session.SessionMiddleware.Invoke(HttpContext context)
   at HavhavAz.Middlewares.LanguageSwitcherMiddleware.InvokeAsync(HttpContext context) in C:\Users\User\source\repos\havhav.az\HavhavAz\Middlewares\LanguageSwitcherMiddleware.cs:line 33
   at Microsoft.AspNetCore.Localization.RequestLocalizationMiddleware.Invoke(HttpContext context)
   at Microsoft.AspNetCore.Diagnostics.StatusCodePagesMiddleware.Invoke(HttpContext context)
   at Microsoft.AspNetCore.Diagnostics.ExceptionHandlerMiddleware.<Invoke>g__Awaited|6_0(ExceptionHandlerMiddleware middleware, HttpContext context, Task task)
2020-05-15 14:31:00.5267|WARN|Microsoft.AspNetCore.HttpsPolicy.HttpsRedirectionMiddleware|Failed to determine the https port for redirect.
2020-05-15 14:32:37.7931|WARN|HavhavAz.Filters.LogFilters.LogAfterFilter|
Ip: ::1
UserId: 0
Action: Login
Message: 
2020-05-15 14:32:42.2286|WARN|HavhavAz.Filters.LogFilters.LogAfterFilter|
Ip: ::1
UserId: 0
Action: Login
Message: 
2020-05-15 14:35:27.2481|WARN|Microsoft.AspNetCore.HttpsPolicy.HttpsRedirectionMiddleware|Failed to determine the https port for redirect.
2020-05-15 14:52:56.8480|WARN|Microsoft.AspNetCore.HttpsPolicy.HttpsRedirectionMiddleware|Failed to determine the https port for redirect.
2020-05-15 15:28:04.9310|WARN|Microsoft.AspNetCore.HttpsPolicy.HttpsRedirectionMiddleware|Failed to determine the https port for redirect.
2020-05-15 15:29:00.7731|WARN|HavhavAz.Filters.LogFilters.LogAfterFilter|
Ip: ::1
UserId: 0
Action: Login
Message: 
2020-05-15 15:29:04.3748|WARN|HavhavAz.Filters.LogFilters.LogAfterFilter|
Ip: ::1
UserId: 0
Action: Login
Message: 
2020-05-15 15:31:14.7282|WARN|Microsoft.AspNetCore.HttpsPolicy.HttpsRedirectionMiddleware|Failed to determine the https port for redirect.
2020-05-15 15:31:45.0463|WARN|HavhavAz.Filters.LogFilters.LogAfterFilter|
Ip: ::1
UserId: 0
Action: Login
Message: 
2020-05-15 15:32:12.7490|WARN|Microsoft.AspNetCore.HttpsPolicy.HttpsRedirectionMiddleware|Failed to determine the https port for redirect.
2020-05-15 15:32:18.3330|WARN|HavhavAz.Filters.LogFilters.LogAfterFilter|
Ip: ::1
UserId: 0
Action: Login
Message: 
2020-05-15 15:33:05.2089|WARN|Microsoft.AspNetCore.HttpsPolicy.HttpsRedirectionMiddleware|Failed to determine the https port for redirect.
2020-05-15 16:48:19.4357|WARN|Microsoft.AspNetCore.HttpsPolicy.HttpsRedirectionMiddleware|Failed to determine the https port for redirect.
2020-05-15 17:00:37.0655|WARN|Microsoft.AspNetCore.HttpsPolicy.HttpsRedirectionMiddleware|Failed to determine the https port for redirect.
2020-05-15 17:25:42.3251|WARN|Microsoft.AspNetCore.HttpsPolicy.HttpsRedirectionMiddleware|Failed to determine the https port for redirect.
2020-05-15 17:26:58.1918|WARN|Microsoft.AspNetCore.HttpsPolicy.HttpsRedirectionMiddleware|Failed to determine the https port for redirect.
