2020-05-21 10:16:39.4855|WARN|Microsoft.AspNetCore.HttpsPolicy.HttpsRedirectionMiddleware|Failed to determine the https port for redirect.
2020-05-21 10:16:51.5777|WARN|HavhavAz.Filters.LogFilters.LogAfterFilter|
Ip: ::1
UserId: 0
Action: Login
Message: 
2020-05-21 10:16:55.0902|WARN|HavhavAz.Filters.LogFilters.LogAfterFilter|
Ip: ::1
UserId: 0
Action: Login
Message: 
2020-05-21 10:26:37.0713|INFO|Microsoft.EntityFrameworkCore.Infrastructure|Entity Framework Core 3.1.4 initialized 'ApplicationDbContext' using provider 'Microsoft.EntityFrameworkCore.SqlServer' with options: None
2020-05-21 10:34:33.2958|WARN|Microsoft.AspNetCore.HttpsPolicy.HttpsRedirectionMiddleware|Failed to determine the https port for redirect.
2020-05-21 10:41:51.3064|INFO|Microsoft.EntityFrameworkCore.Infrastructure|Entity Framework Core 3.1.4 initialized 'ApplicationDbContext' using provider 'Microsoft.EntityFrameworkCore.SqlServer' with options: None
2020-05-21 10:41:53.0749|INFO|Microsoft.EntityFrameworkCore.Database.Command|Executed DbCommand (262ms) [Parameters=[], CommandType='Text', CommandTimeout='30']
SELECT 1
2020-05-21 10:41:53.3558|INFO|Microsoft.EntityFrameworkCore.Database.Command|Executed DbCommand (262ms) [Parameters=[], CommandType='Text', CommandTimeout='30']
SELECT OBJECT_ID(N'[__EFMigrationsHistory]');
2020-05-21 10:41:53.6308|INFO|Microsoft.EntityFrameworkCore.Database.Command|Executed DbCommand (264ms) [Parameters=[], CommandType='Text', CommandTimeout='30']
SELECT 1
2020-05-21 10:41:53.8601|INFO|Microsoft.EntityFrameworkCore.Database.Command|Executed DbCommand (225ms) [Parameters=[], CommandType='Text', CommandTimeout='30']
SELECT OBJECT_ID(N'[__EFMigrationsHistory]');
2020-05-21 10:41:54.1247|INFO|Microsoft.EntityFrameworkCore.Database.Command|Executed DbCommand (244ms) [Parameters=[], CommandType='Text', CommandTimeout='30']
SELECT [MigrationId], [ProductVersion]
FROM [__EFMigrationsHistory]
ORDER BY [MigrationId];
2020-05-21 10:41:54.1553|INFO|Microsoft.EntityFrameworkCore.Migrations|Applying migration '20200521062637_RemoveTranslations'.
2020-05-21 10:41:54.8047|INFO|Microsoft.EntityFrameworkCore.Database.Command|Executed DbCommand (360ms) [Parameters=[], CommandType='Text', CommandTimeout='30']
DROP TABLE [AdTranslations];
2020-05-21 10:41:55.0664|INFO|Microsoft.EntityFrameworkCore.Database.Command|Executed DbCommand (256ms) [Parameters=[], CommandType='Text', CommandTimeout='30']
DROP TABLE [CharityTranslations];
2020-05-21 10:41:55.3299|INFO|Microsoft.EntityFrameworkCore.Database.Command|Executed DbCommand (258ms) [Parameters=[], CommandType='Text', CommandTimeout='30']
DECLARE @var0 sysname;
SELECT @var0 = [d].[name]
FROM [sys].[default_constraints] [d]
INNER JOIN [sys].[columns] [c] ON [d].[parent_column_id] = [c].[column_id] AND [d].[parent_object_id] = [c].[object_id]
WHERE ([d].[parent_object_id] = OBJECT_ID(N'[Contacts]') AND [c].[name] = N'Facebook');
IF @var0 IS NOT NULL EXEC(N'ALTER TABLE [Contacts] DROP CONSTRAINT [' + @var0 + '];');
ALTER TABLE [Contacts] ALTER COLUMN [Facebook] nvarchar(50) NULL;
2020-05-21 10:41:55.5961|INFO|Microsoft.EntityFrameworkCore.Database.Command|Executed DbCommand (261ms) [Parameters=[], CommandType='Text', CommandTimeout='30']
ALTER TABLE [Charities] ADD [BankCredentials] nvarchar(2000) NOT NULL DEFAULT N'';
2020-05-21 10:41:55.8263|INFO|Microsoft.EntityFrameworkCore.Database.Command|Executed DbCommand (228ms) [Parameters=[], CommandType='Text', CommandTimeout='30']
ALTER TABLE [Charities] ADD [Info] nvarchar(max) NOT NULL DEFAULT N'';
2020-05-21 10:41:56.0603|INFO|Microsoft.EntityFrameworkCore.Database.Command|Executed DbCommand (232ms) [Parameters=[], CommandType='Text', CommandTimeout='30']
ALTER TABLE [Ads] ADD [Info] nvarchar(max) NOT NULL DEFAULT N'';
2020-05-21 10:41:56.2964|INFO|Microsoft.EntityFrameworkCore.Database.Command|Executed DbCommand (234ms) [Parameters=[], CommandType='Text', CommandTimeout='30']
INSERT INTO [__EFMigrationsHistory] ([MigrationId], [ProductVersion])
VALUES (N'20200521062637_RemoveTranslations', N'3.1.4');
2020-05-21 10:45:22.3664|WARN|Microsoft.AspNetCore.HttpsPolicy.HttpsRedirectionMiddleware|Failed to determine the https port for redirect.
2020-05-21 11:52:15.9336|WARN|Microsoft.AspNetCore.HttpsPolicy.HttpsRedirectionMiddleware|Failed to determine the https port for redirect.
2020-05-21 11:52:38.4570|WARN|HavhavAz.Filters.LogFilters.LogAfterFilter|
Ip: ::1
UserId: 0
Action: Login
Message: 
2020-05-21 11:52:45.0082|WARN|HavhavAz.Filters.LogFilters.LogAfterFilter|
Ip: ::1
UserId: 0
Action: Login
Message: 
2020-05-21 11:53:37.1081|WARN|Microsoft.AspNetCore.HttpsPolicy.HttpsRedirectionMiddleware|Failed to determine the https port for redirect.
2020-05-21 11:57:44.8294|WARN|Microsoft.AspNetCore.HttpsPolicy.HttpsRedirectionMiddleware|Failed to determine the https port for redirect.
2020-05-21 12:27:54.9587|WARN|Microsoft.AspNetCore.HttpsPolicy.HttpsRedirectionMiddleware|Failed to determine the https port for redirect.
2020-05-21 12:31:17.8240|WARN|Microsoft.AspNetCore.HttpsPolicy.HttpsRedirectionMiddleware|Failed to determine the https port for redirect.
2020-05-21 12:34:34.5428|WARN|Microsoft.AspNetCore.HttpsPolicy.HttpsRedirectionMiddleware|Failed to determine the https port for redirect.
2020-05-21 12:34:50.6256|ERROR|Microsoft.AspNetCore.Diagnostics.DeveloperExceptionPageMiddleware|An unhandled exception has occurred while executing the request.
2020-05-21 12:36:42.6889|WARN|Microsoft.AspNetCore.HttpsPolicy.HttpsRedirectionMiddleware|Failed to determine the https port for redirect.
2020-05-21 12:36:59.2097|ERROR|Microsoft.AspNetCore.Diagnostics.DeveloperExceptionPageMiddleware|An unhandled exception has occurred while executing the request.
2020-05-21 12:38:15.6834|WARN|Microsoft.AspNetCore.HttpsPolicy.HttpsRedirectionMiddleware|Failed to determine the https port for redirect.
2020-05-21 12:38:27.0440|ERROR|Microsoft.AspNetCore.Diagnostics.DeveloperExceptionPageMiddleware|An unhandled exception has occurred while executing the request.
2020-05-21 12:39:00.9180|ERROR|Microsoft.AspNetCore.Diagnostics.DeveloperExceptionPageMiddleware|An unhandled exception has occurred while executing the request.
2020-05-21 12:42:58.6485|WARN|Microsoft.AspNetCore.HttpsPolicy.HttpsRedirectionMiddleware|Failed to determine the https port for redirect.
2020-05-21 12:43:13.6404|ERROR|Microsoft.AspNetCore.Diagnostics.DeveloperExceptionPageMiddleware|An unhandled exception has occurred while executing the request.
2020-05-21 12:47:23.4452|WARN|Microsoft.AspNetCore.HttpsPolicy.HttpsRedirectionMiddleware|Failed to determine the https port for redirect.
2020-05-21 12:50:24.8062|WARN|Microsoft.AspNetCore.HttpsPolicy.HttpsRedirectionMiddleware|Failed to determine the https port for redirect.
2020-05-21 14:57:37.5983|WARN|Microsoft.AspNetCore.HttpsPolicy.HttpsRedirectionMiddleware|Failed to determine the https port for redirect.
2020-05-21 17:39:57.8200|WARN|Microsoft.AspNetCore.HttpsPolicy.HttpsRedirectionMiddleware|Failed to determine the https port for redirect.
